-------------------------------------------------------------------------------
Test set: com.liao.ProviderServerApplicationTests
-------------------------------------------------------------------------------
Tests run: 1, Failures: 0, Errors: 1, Skipped: 0, Time elapsed: 2.434 s <<< FAILURE! - in com.liao.ProviderServerApplicationTests
contextLoads  Time elapsed: 0.001 s  <<< ERROR!
java.lang.IllegalStateException: Failed to load ApplicationContext
Caused by: org.springframework.beans.factory.BeanCreationException: Error creating bean with name 'zookeeperClient' defined in class path resource [github/ant/mxsm/zkclient/spring/boot/autoconfigure/ZookeeperClientAutoConfigure.class]: Bean instantiation via factory method failed; nested exception is org.springframework.beans.BeanInstantiationException: Failed to instantiate [github.mxsm.zkclient.ZookeeperClient]: Factory method 'zookeeperClient' threw exception; nested exception is java.lang.IllegalArgumentException:  spring.mxsm.zkclient.servers is blank
Caused by: org.springframework.beans.BeanInstantiationException: Failed to instantiate [github.mxsm.zkclient.ZookeeperClient]: Factory method 'zookeeperClient' threw exception; nested exception is java.lang.IllegalArgumentException:  spring.mxsm.zkclient.servers is blank
Caused by: java.lang.IllegalArgumentException:  spring.mxsm.zkclient.servers is blank

